{"/home/erick/Área de Trabalho/Estudo/api_rest_com_jest/knexfile.js": {"path":"/home/erick/Área de Trabalho/Estudo/api_rest_com_jest/knexfile.js","statementMap":{"0":{"start":{"line":1,"column":0},"end":{"line":18,"column":2}}},"fnMap":{},"branchMap":{},"s":{"0":7},"f":{},"b":{},"_coverageSchema":"1a1c01bbd47fc00a2c39e90264f33305004495a9","hash":"2d9979b1bb61a69df1258bd609bdfc322d327dfd"}
,"/home/erick/Área de Trabalho/Estudo/api_rest_com_jest/src/app.js": {"path":"/home/erick/Área de Trabalho/Estudo/api_rest_com_jest/src/app.js","statementMap":{"0":{"start":{"line":1,"column":12},"end":{"line":1,"column":32}},"1":{"start":{"line":2,"column":16},"end":{"line":2,"column":34}},"2":{"start":{"line":3,"column":13},"end":{"line":3,"column":28}},"3":{"start":{"line":5,"column":17},"end":{"line":5,"column":39}},"4":{"start":{"line":7,"column":0},"end":{"line":7,"column":29}},"5":{"start":{"line":9,"column":0},"end":{"line":18,"column":12}},"6":{"start":{"line":20,"column":0},"end":{"line":22,"column":3}},"7":{"start":{"line":21,"column":1},"end":{"line":21,"column":24}},"8":{"start":{"line":24,"column":0},"end":{"line":35,"column":3}},"9":{"start":{"line":25,"column":34},"end":{"line":25,"column":37}},"10":{"start":{"line":27,"column":1},"end":{"line":32,"column":2}},"11":{"start":{"line":27,"column":33},"end":{"line":27,"column":74}},"12":{"start":{"line":28,"column":6},"end":{"line":32,"column":2}},"13":{"start":{"line":28,"column":43},"end":{"line":28,"column":84}},"14":{"start":{"line":30,"column":2},"end":{"line":30,"column":23}},"15":{"start":{"line":31,"column":2},"end":{"line":31,"column":49}},"16":{"start":{"line":34,"column":1},"end":{"line":34,"column":11}},"17":{"start":{"line":44,"column":0},"end":{"line":44,"column":21}}},"fnMap":{"0":{"name":"(anonymous_0)","decl":{"start":{"line":20,"column":13},"end":{"line":20,"column":14}},"loc":{"start":{"line":20,"column":27},"end":{"line":22,"column":1}},"line":20},"1":{"name":"(anonymous_1)","decl":{"start":{"line":24,"column":8},"end":{"line":24,"column":9}},"loc":{"start":{"line":24,"column":33},"end":{"line":35,"column":1}},"line":24}},"branchMap":{"0":{"loc":{"start":{"line":27,"column":1},"end":{"line":32,"column":2}},"type":"if","locations":[{"start":{"line":27,"column":1},"end":{"line":32,"column":2}},{"start":{"line":28,"column":6},"end":{"line":32,"column":2}}],"line":27},"1":{"loc":{"start":{"line":28,"column":6},"end":{"line":32,"column":2}},"type":"if","locations":[{"start":{"line":28,"column":6},"end":{"line":32,"column":2}},{"start":{"line":29,"column":6},"end":{"line":32,"column":2}}],"line":28}},"s":{"0":7,"1":7,"2":7,"3":7,"4":7,"5":7,"6":7,"7":1,"8":7,"9":34,"10":34,"11":29,"12":5,"13":5,"14":0,"15":0,"16":34,"17":7},"f":{"0":1,"1":34},"b":{"0":[29,5],"1":[5,0]},"_coverageSchema":"1a1c01bbd47fc00a2c39e90264f33305004495a9","hash":"44c5b3c5e846417e0760d6bb28cf906d60e83183"}
,"/home/erick/Área de Trabalho/Estudo/api_rest_com_jest/src/config/middlewares.js": {"path":"/home/erick/Área de Trabalho/Estudo/api_rest_com_jest/src/config/middlewares.js","statementMap":{"0":{"start":{"line":1,"column":19},"end":{"line":1,"column":41}},"1":{"start":{"line":4,"column":0},"end":{"line":7,"column":2}},"2":{"start":{"line":5,"column":1},"end":{"line":5,"column":28}}},"fnMap":{"0":{"name":"(anonymous_0)","decl":{"start":{"line":4,"column":17},"end":{"line":4,"column":18}},"loc":{"start":{"line":4,"column":26},"end":{"line":7,"column":1}},"line":4}},"branchMap":{},"s":{"0":7,"1":7,"2":7},"f":{"0":7},"b":{},"_coverageSchema":"1a1c01bbd47fc00a2c39e90264f33305004495a9","hash":"83dd9c4b61c436fa63f533c63ea0b3e390b2a090"}
,"/home/erick/Área de Trabalho/Estudo/api_rest_com_jest/src/config/passport.js": {"path":"/home/erick/Área de Trabalho/Estudo/api_rest_com_jest/src/config/passport.js","statementMap":{"0":{"start":{"line":1,"column":17},"end":{"line":1,"column":36}},"1":{"start":{"line":2,"column":20},"end":{"line":2,"column":43}},"2":{"start":{"line":4,"column":15},"end":{"line":4,"column":25}},"3":{"start":{"line":6,"column":33},"end":{"line":6,"column":44}},"4":{"start":{"line":8,"column":0},"end":{"line":29,"column":2}},"5":{"start":{"line":9,"column":16},"end":{"line":12,"column":2}},"6":{"start":{"line":14,"column":18},"end":{"line":22,"column":3}},"7":{"start":{"line":15,"column":2},"end":{"line":21,"column":37}},"8":{"start":{"line":18,"column":4},"end":{"line":19,"column":27}},"9":{"start":{"line":18,"column":14},"end":{"line":18,"column":41}},"10":{"start":{"line":19,"column":9},"end":{"line":19,"column":27}},"11":{"start":{"line":21,"column":19},"end":{"line":21,"column":35}},"12":{"start":{"line":24,"column":1},"end":{"line":24,"column":24}},"13":{"start":{"line":26,"column":1},"end":{"line":28,"column":3}},"14":{"start":{"line":27,"column":22},"end":{"line":27,"column":70}}},"fnMap":{"0":{"name":"(anonymous_0)","decl":{"start":{"line":8,"column":17},"end":{"line":8,"column":18}},"loc":{"start":{"line":8,"column":26},"end":{"line":29,"column":1}},"line":8},"1":{"name":"(anonymous_1)","decl":{"start":{"line":14,"column":39},"end":{"line":14,"column":40}},"loc":{"start":{"line":14,"column":58},"end":{"line":22,"column":2}},"line":14},"2":{"name":"(anonymous_2)","decl":{"start":{"line":17,"column":9},"end":{"line":17,"column":10}},"loc":{"start":{"line":17,"column":19},"end":{"line":20,"column":4}},"line":17},"3":{"name":"(anonymous_3)","decl":{"start":{"line":21,"column":10},"end":{"line":21,"column":11}},"loc":{"start":{"line":21,"column":19},"end":{"line":21,"column":35}},"line":21},"4":{"name":"(anonymous_4)","decl":{"start":{"line":27,"column":16},"end":{"line":27,"column":17}},"loc":{"start":{"line":27,"column":22},"end":{"line":27,"column":70}},"line":27}},"branchMap":{"0":{"loc":{"start":{"line":18,"column":4},"end":{"line":19,"column":27}},"type":"if","locations":[{"start":{"line":18,"column":4},"end":{"line":19,"column":27}},{"start":{"line":19,"column":9},"end":{"line":19,"column":27}}],"line":18}},"s":{"0":7,"1":7,"2":7,"3":7,"4":7,"5":7,"6":7,"7":71,"8":71,"9":71,"10":0,"11":0,"12":7,"13":7,"14":7},"f":{"0":7,"1":71,"2":71,"3":0,"4":7},"b":{"0":[71,0]},"_coverageSchema":"1a1c01bbd47fc00a2c39e90264f33305004495a9","hash":"e855a5e8c8df8eafc83c2d87b0bb1c6fb628afb0"}
,"/home/erick/Área de Trabalho/Estudo/api_rest_com_jest/src/config/router.js": {"path":"/home/erick/Área de Trabalho/Estudo/api_rest_com_jest/src/config/router.js","statementMap":{"0":{"start":{"line":1,"column":16},"end":{"line":1,"column":34}},"1":{"start":{"line":3,"column":0},"end":{"line":15,"column":2}},"2":{"start":{"line":4,"column":1},"end":{"line":4,"column":35}},"3":{"start":{"line":6,"column":25},"end":{"line":6,"column":41}},"4":{"start":{"line":8,"column":1},"end":{"line":8,"column":49}},"5":{"start":{"line":9,"column":1},"end":{"line":9,"column":55}},"6":{"start":{"line":10,"column":1},"end":{"line":10,"column":63}},"7":{"start":{"line":11,"column":1},"end":{"line":11,"column":57}},"8":{"start":{"line":12,"column":1},"end":{"line":12,"column":53}},"9":{"start":{"line":14,"column":1},"end":{"line":14,"column":69}}},"fnMap":{"0":{"name":"(anonymous_0)","decl":{"start":{"line":3,"column":17},"end":{"line":3,"column":18}},"loc":{"start":{"line":3,"column":26},"end":{"line":15,"column":1}},"line":3}},"branchMap":{},"s":{"0":7,"1":7,"2":7,"3":7,"4":7,"5":7,"6":7,"7":7,"8":7,"9":7},"f":{"0":7},"b":{},"_coverageSchema":"1a1c01bbd47fc00a2c39e90264f33305004495a9","hash":"e184ea81fce7a2f7bb9d1b078f8c042b336f5bbe"}
,"/home/erick/Área de Trabalho/Estudo/api_rest_com_jest/src/errors/RecursoIndevidoError.js": {"path":"/home/erick/Área de Trabalho/Estudo/api_rest_com_jest/src/errors/RecursoIndevidoError.js","statementMap":{"0":{"start":{"line":1,"column":0},"end":{"line":4,"column":2}},"1":{"start":{"line":2,"column":1},"end":{"line":2,"column":36}},"2":{"start":{"line":3,"column":1},"end":{"line":3,"column":24}}},"fnMap":{"0":{"name":"RecursoIndevidoError","decl":{"start":{"line":1,"column":26},"end":{"line":1,"column":46}},"loc":{"start":{"line":1,"column":97},"end":{"line":4,"column":1}},"line":1}},"branchMap":{"0":{"loc":{"start":{"line":1,"column":47},"end":{"line":1,"column":95}},"type":"default-arg","locations":[{"start":{"line":1,"column":57},"end":{"line":1,"column":95}}],"line":1}},"s":{"0":7,"1":5,"2":5},"f":{"0":5},"b":{"0":[5]},"_coverageSchema":"1a1c01bbd47fc00a2c39e90264f33305004495a9","hash":"f863a1c66ae409a0ce7338dd00b943029fb97973"}
,"/home/erick/Área de Trabalho/Estudo/api_rest_com_jest/src/errors/ValidationError.js": {"path":"/home/erick/Área de Trabalho/Estudo/api_rest_com_jest/src/errors/ValidationError.js","statementMap":{"0":{"start":{"line":1,"column":0},"end":{"line":4,"column":2}},"1":{"start":{"line":2,"column":1},"end":{"line":2,"column":31}},"2":{"start":{"line":3,"column":1},"end":{"line":3,"column":24}}},"fnMap":{"0":{"name":"ValidationError","decl":{"start":{"line":1,"column":26},"end":{"line":1,"column":41}},"loc":{"start":{"line":1,"column":51},"end":{"line":4,"column":1}},"line":1}},"branchMap":{},"s":{"0":7,"1":29,"2":29},"f":{"0":29},"b":{},"_coverageSchema":"1a1c01bbd47fc00a2c39e90264f33305004495a9","hash":"a31e2bb8108a32dd03e2002a213031d9c49b98eb"}
,"/home/erick/Área de Trabalho/Estudo/api_rest_com_jest/src/routes/accounts.js": {"path":"/home/erick/Área de Trabalho/Estudo/api_rest_com_jest/src/routes/accounts.js","statementMap":{"0":{"start":{"line":1,"column":16},"end":{"line":1,"column":34}},"1":{"start":{"line":3,"column":29},"end":{"line":3,"column":70}},"2":{"start":{"line":5,"column":0},"end":{"line":51,"column":2}},"3":{"start":{"line":6,"column":16},"end":{"line":6,"column":32}},"4":{"start":{"line":8,"column":1},"end":{"line":16,"column":4}},"5":{"start":{"line":9,"column":2},"end":{"line":15,"column":30}},"6":{"start":{"line":12,"column":4},"end":{"line":13,"column":16}},"7":{"start":{"line":12,"column":37},"end":{"line":12,"column":70}},"8":{"start":{"line":13,"column":9},"end":{"line":13,"column":16}},"9":{"start":{"line":15,"column":19},"end":{"line":15,"column":28}},"10":{"start":{"line":18,"column":1},"end":{"line":23,"column":4}},"11":{"start":{"line":19,"column":2},"end":{"line":22,"column":30}},"12":{"start":{"line":21,"column":21},"end":{"line":21,"column":52}},"13":{"start":{"line":22,"column":19},"end":{"line":22,"column":28}},"14":{"start":{"line":25,"column":1},"end":{"line":27,"column":4}},"15":{"start":{"line":26,"column":2},"end":{"line":26,"column":91}},"16":{"start":{"line":26,"column":61},"end":{"line":26,"column":89}},"17":{"start":{"line":29,"column":1},"end":{"line":34,"column":4}},"18":{"start":{"line":30,"column":2},"end":{"line":33,"column":30}},"19":{"start":{"line":32,"column":21},"end":{"line":32,"column":49}},"20":{"start":{"line":33,"column":19},"end":{"line":33,"column":28}},"21":{"start":{"line":36,"column":1},"end":{"line":41,"column":4}},"22":{"start":{"line":37,"column":2},"end":{"line":40,"column":30}},"23":{"start":{"line":39,"column":21},"end":{"line":39,"column":52}},"24":{"start":{"line":40,"column":19},"end":{"line":40,"column":28}},"25":{"start":{"line":43,"column":1},"end":{"line":48,"column":4}},"26":{"start":{"line":44,"column":2},"end":{"line":47,"column":30}},"27":{"start":{"line":46,"column":15},"end":{"line":46,"column":37}},"28":{"start":{"line":47,"column":19},"end":{"line":47,"column":28}},"29":{"start":{"line":50,"column":1},"end":{"line":50,"column":15}}},"fnMap":{"0":{"name":"(anonymous_0)","decl":{"start":{"line":5,"column":17},"end":{"line":5,"column":18}},"loc":{"start":{"line":5,"column":26},"end":{"line":51,"column":1}},"line":5},"1":{"name":"(anonymous_1)","decl":{"start":{"line":8,"column":20},"end":{"line":8,"column":21}},"loc":{"start":{"line":8,"column":40},"end":{"line":16,"column":2}},"line":8},"2":{"name":"(anonymous_2)","decl":{"start":{"line":11,"column":9},"end":{"line":11,"column":10}},"loc":{"start":{"line":11,"column":18},"end":{"line":14,"column":4}},"line":11},"3":{"name":"(anonymous_3)","decl":{"start":{"line":15,"column":10},"end":{"line":15,"column":11}},"loc":{"start":{"line":15,"column":19},"end":{"line":15,"column":28}},"line":15},"4":{"name":"(anonymous_4)","decl":{"start":{"line":18,"column":18},"end":{"line":18,"column":19}},"loc":{"start":{"line":18,"column":38},"end":{"line":23,"column":2}},"line":18},"5":{"name":"(anonymous_5)","decl":{"start":{"line":21,"column":9},"end":{"line":21,"column":10}},"loc":{"start":{"line":21,"column":21},"end":{"line":21,"column":52}},"line":21},"6":{"name":"(anonymous_6)","decl":{"start":{"line":22,"column":10},"end":{"line":22,"column":11}},"loc":{"start":{"line":22,"column":19},"end":{"line":22,"column":28}},"line":22},"7":{"name":"(anonymous_7)","decl":{"start":{"line":25,"column":17},"end":{"line":25,"column":18}},"loc":{"start":{"line":25,"column":31},"end":{"line":27,"column":2}},"line":25},"8":{"name":"(anonymous_8)","decl":{"start":{"line":26,"column":49},"end":{"line":26,"column":50}},"loc":{"start":{"line":26,"column":61},"end":{"line":26,"column":89}},"line":26},"9":{"name":"(anonymous_9)","decl":{"start":{"line":29,"column":20},"end":{"line":29,"column":21}},"loc":{"start":{"line":29,"column":40},"end":{"line":34,"column":2}},"line":29},"10":{"name":"(anonymous_10)","decl":{"start":{"line":32,"column":9},"end":{"line":32,"column":10}},"loc":{"start":{"line":32,"column":21},"end":{"line":32,"column":49}},"line":32},"11":{"name":"(anonymous_11)","decl":{"start":{"line":33,"column":10},"end":{"line":33,"column":11}},"loc":{"start":{"line":33,"column":19},"end":{"line":33,"column":28}},"line":33},"12":{"name":"(anonymous_12)","decl":{"start":{"line":36,"column":20},"end":{"line":36,"column":21}},"loc":{"start":{"line":36,"column":40},"end":{"line":41,"column":2}},"line":36},"13":{"name":"(anonymous_13)","decl":{"start":{"line":39,"column":9},"end":{"line":39,"column":10}},"loc":{"start":{"line":39,"column":21},"end":{"line":39,"column":52}},"line":39},"14":{"name":"(anonymous_14)","decl":{"start":{"line":40,"column":10},"end":{"line":40,"column":11}},"loc":{"start":{"line":40,"column":19},"end":{"line":40,"column":28}},"line":40},"15":{"name":"(anonymous_15)","decl":{"start":{"line":43,"column":23},"end":{"line":43,"column":24}},"loc":{"start":{"line":43,"column":43},"end":{"line":48,"column":2}},"line":43},"16":{"name":"(anonymous_16)","decl":{"start":{"line":46,"column":9},"end":{"line":46,"column":10}},"loc":{"start":{"line":46,"column":15},"end":{"line":46,"column":37}},"line":46},"17":{"name":"(anonymous_17)","decl":{"start":{"line":47,"column":10},"end":{"line":47,"column":11}},"loc":{"start":{"line":47,"column":19},"end":{"line":47,"column":28}},"line":47}},"branchMap":{"0":{"loc":{"start":{"line":12,"column":4},"end":{"line":13,"column":16}},"type":"if","locations":[{"start":{"line":12,"column":4},"end":{"line":13,"column":16}},{"start":{"line":13,"column":9},"end":{"line":13,"column":16}}],"line":12}},"s":{"0":7,"1":7,"2":7,"3":7,"4":7,"5":7,"6":7,"7":3,"8":4,"9":3,"10":7,"11":3,"12":1,"13":2,"14":7,"15":1,"16":1,"17":7,"18":1,"19":1,"20":0,"21":7,"22":1,"23":1,"24":0,"25":7,"26":2,"27":1,"28":1,"29":7},"f":{"0":7,"1":7,"2":7,"3":3,"4":3,"5":1,"6":2,"7":1,"8":1,"9":1,"10":1,"11":0,"12":1,"13":1,"14":0,"15":2,"16":1,"17":1},"b":{"0":[3,4]},"_coverageSchema":"1a1c01bbd47fc00a2c39e90264f33305004495a9","hash":"ad5cbfc2a4a01000446e0c24f5838fdbc34ea455"}
,"/home/erick/Área de Trabalho/Estudo/api_rest_com_jest/src/routes/auth.js": {"path":"/home/erick/Área de Trabalho/Estudo/api_rest_com_jest/src/routes/auth.js","statementMap":{"0":{"start":{"line":1,"column":16},"end":{"line":1,"column":34}},"1":{"start":{"line":2,"column":12},"end":{"line":2,"column":33}},"2":{"start":{"line":3,"column":15},"end":{"line":3,"column":39}},"3":{"start":{"line":4,"column":24},"end":{"line":4,"column":60}},"4":{"start":{"line":6,"column":15},"end":{"line":6,"column":25}},"5":{"start":{"line":8,"column":0},"end":{"line":43,"column":2}},"6":{"start":{"line":9,"column":16},"end":{"line":9,"column":32}},"7":{"start":{"line":11,"column":1},"end":{"line":19,"column":4}},"8":{"start":{"line":12,"column":2},"end":{"line":18,"column":3}},"9":{"start":{"line":13,"column":18},"end":{"line":13,"column":56}},"10":{"start":{"line":15,"column":3},"end":{"line":15,"column":42}},"11":{"start":{"line":17,"column":3},"end":{"line":17,"column":20}},"12":{"start":{"line":21,"column":1},"end":{"line":40,"column":4}},"13":{"start":{"line":22,"column":2},"end":{"line":39,"column":30}},"14":{"start":{"line":25,"column":4},"end":{"line":25,"column":70}},"15":{"start":{"line":25,"column":15},"end":{"line":25,"column":70}},"16":{"start":{"line":27,"column":4},"end":{"line":37,"column":66}},"17":{"start":{"line":28,"column":21},"end":{"line":32,"column":6}},"18":{"start":{"line":34,"column":19},"end":{"line":34,"column":46}},"19":{"start":{"line":36,"column":5},"end":{"line":36,"column":37}},"20":{"start":{"line":37,"column":11},"end":{"line":37,"column":66}},"21":{"start":{"line":39,"column":19},"end":{"line":39,"column":28}},"22":{"start":{"line":42,"column":1},"end":{"line":42,"column":15}}},"fnMap":{"0":{"name":"(anonymous_0)","decl":{"start":{"line":8,"column":17},"end":{"line":8,"column":18}},"loc":{"start":{"line":8,"column":26},"end":{"line":43,"column":1}},"line":8},"1":{"name":"(anonymous_1)","decl":{"start":{"line":11,"column":24},"end":{"line":11,"column":25}},"loc":{"start":{"line":11,"column":50},"end":{"line":19,"column":2}},"line":11},"2":{"name":"(anonymous_2)","decl":{"start":{"line":21,"column":24},"end":{"line":21,"column":25}},"loc":{"start":{"line":21,"column":44},"end":{"line":40,"column":2}},"line":21},"3":{"name":"(anonymous_3)","decl":{"start":{"line":24,"column":9},"end":{"line":24,"column":10}},"loc":{"start":{"line":24,"column":19},"end":{"line":38,"column":4}},"line":24},"4":{"name":"(anonymous_4)","decl":{"start":{"line":39,"column":10},"end":{"line":39,"column":11}},"loc":{"start":{"line":39,"column":19},"end":{"line":39,"column":28}},"line":39}},"branchMap":{"0":{"loc":{"start":{"line":25,"column":4},"end":{"line":25,"column":70}},"type":"if","locations":[{"start":{"line":25,"column":4},"end":{"line":25,"column":70}},{"start":{},"end":{}}],"line":25},"1":{"loc":{"start":{"line":27,"column":4},"end":{"line":37,"column":66}},"type":"if","locations":[{"start":{"line":27,"column":4},"end":{"line":37,"column":66}},{"start":{"line":37,"column":11},"end":{"line":37,"column":66}}],"line":27}},"s":{"0":7,"1":7,"2":7,"3":7,"4":7,"5":7,"6":7,"7":7,"8":1,"9":1,"10":1,"11":0,"12":7,"13":3,"14":3,"15":1,"16":2,"17":1,"18":1,"19":1,"20":1,"21":2,"22":7},"f":{"0":7,"1":1,"2":3,"3":3,"4":2},"b":{"0":[1,2],"1":[1,1]},"_coverageSchema":"1a1c01bbd47fc00a2c39e90264f33305004495a9","hash":"a47abadfce72a61ce002d40798c99dd3c20f8c47"}
,"/home/erick/Área de Trabalho/Estudo/api_rest_com_jest/src/routes/balance.js": {"path":"/home/erick/Área de Trabalho/Estudo/api_rest_com_jest/src/routes/balance.js","statementMap":{"0":{"start":{"line":1,"column":16},"end":{"line":1,"column":34}},"1":{"start":{"line":3,"column":0},"end":{"line":14,"column":2}},"2":{"start":{"line":4,"column":16},"end":{"line":4,"column":32}},"3":{"start":{"line":6,"column":1},"end":{"line":11,"column":4}},"4":{"start":{"line":7,"column":2},"end":{"line":10,"column":30}},"5":{"start":{"line":9,"column":21},"end":{"line":9,"column":49}},"6":{"start":{"line":10,"column":19},"end":{"line":10,"column":28}},"7":{"start":{"line":13,"column":1},"end":{"line":13,"column":15}}},"fnMap":{"0":{"name":"(anonymous_0)","decl":{"start":{"line":3,"column":17},"end":{"line":3,"column":18}},"loc":{"start":{"line":3,"column":26},"end":{"line":14,"column":1}},"line":3},"1":{"name":"(anonymous_1)","decl":{"start":{"line":6,"column":17},"end":{"line":6,"column":18}},"loc":{"start":{"line":6,"column":37},"end":{"line":11,"column":2}},"line":6},"2":{"name":"(anonymous_2)","decl":{"start":{"line":9,"column":9},"end":{"line":9,"column":10}},"loc":{"start":{"line":9,"column":21},"end":{"line":9,"column":49}},"line":9},"3":{"name":"(anonymous_3)","decl":{"start":{"line":10,"column":10},"end":{"line":10,"column":11}},"loc":{"start":{"line":10,"column":19},"end":{"line":10,"column":28}},"line":10}},"branchMap":{},"s":{"0":7,"1":7,"2":7,"3":7,"4":10,"5":10,"6":0,"7":7},"f":{"0":7,"1":10,"2":10,"3":0},"b":{},"_coverageSchema":"1a1c01bbd47fc00a2c39e90264f33305004495a9","hash":"c3bde2146aafff012deb86788fcfa61274a1c0bb"}
,"/home/erick/Área de Trabalho/Estudo/api_rest_com_jest/src/routes/transactions.js": {"path":"/home/erick/Área de Trabalho/Estudo/api_rest_com_jest/src/routes/transactions.js","statementMap":{"0":{"start":{"line":1,"column":16},"end":{"line":1,"column":34}},"1":{"start":{"line":2,"column":29},"end":{"line":2,"column":70}},"2":{"start":{"line":4,"column":0},"end":{"line":53,"column":2}},"3":{"start":{"line":5,"column":16},"end":{"line":5,"column":32}},"4":{"start":{"line":7,"column":1},"end":{"line":15,"column":4}},"5":{"start":{"line":8,"column":2},"end":{"line":14,"column":30}},"6":{"start":{"line":11,"column":4},"end":{"line":12,"column":42}},"7":{"start":{"line":11,"column":27},"end":{"line":11,"column":34}},"8":{"start":{"line":12,"column":9},"end":{"line":12,"column":42}},"9":{"start":{"line":14,"column":19},"end":{"line":14,"column":28}},"10":{"start":{"line":17,"column":1},"end":{"line":22,"column":4}},"11":{"start":{"line":18,"column":2},"end":{"line":21,"column":30}},"12":{"start":{"line":20,"column":21},"end":{"line":20,"column":49}},"13":{"start":{"line":21,"column":19},"end":{"line":21,"column":28}},"14":{"start":{"line":24,"column":1},"end":{"line":29,"column":4}},"15":{"start":{"line":25,"column":2},"end":{"line":28,"column":30}},"16":{"start":{"line":27,"column":21},"end":{"line":27,"column":52}},"17":{"start":{"line":28,"column":19},"end":{"line":28,"column":28}},"18":{"start":{"line":31,"column":1},"end":{"line":36,"column":4}},"19":{"start":{"line":32,"column":2},"end":{"line":35,"column":30}},"20":{"start":{"line":34,"column":21},"end":{"line":34,"column":49}},"21":{"start":{"line":35,"column":19},"end":{"line":35,"column":28}},"22":{"start":{"line":38,"column":1},"end":{"line":43,"column":4}},"23":{"start":{"line":39,"column":2},"end":{"line":42,"column":30}},"24":{"start":{"line":41,"column":21},"end":{"line":41,"column":52}},"25":{"start":{"line":42,"column":19},"end":{"line":42,"column":28}},"26":{"start":{"line":45,"column":1},"end":{"line":50,"column":4}},"27":{"start":{"line":46,"column":2},"end":{"line":49,"column":30}},"28":{"start":{"line":48,"column":21},"end":{"line":48,"column":43}},"29":{"start":{"line":49,"column":19},"end":{"line":49,"column":28}},"30":{"start":{"line":52,"column":1},"end":{"line":52,"column":15}}},"fnMap":{"0":{"name":"(anonymous_0)","decl":{"start":{"line":4,"column":17},"end":{"line":4,"column":18}},"loc":{"start":{"line":4,"column":26},"end":{"line":53,"column":1}},"line":4},"1":{"name":"(anonymous_1)","decl":{"start":{"line":7,"column":20},"end":{"line":7,"column":21}},"loc":{"start":{"line":7,"column":40},"end":{"line":15,"column":2}},"line":7},"2":{"name":"(anonymous_2)","decl":{"start":{"line":10,"column":9},"end":{"line":10,"column":10}},"loc":{"start":{"line":10,"column":21},"end":{"line":13,"column":4}},"line":10},"3":{"name":"(anonymous_3)","decl":{"start":{"line":14,"column":10},"end":{"line":14,"column":11}},"loc":{"start":{"line":14,"column":19},"end":{"line":14,"column":28}},"line":14},"4":{"name":"(anonymous_4)","decl":{"start":{"line":17,"column":17},"end":{"line":17,"column":18}},"loc":{"start":{"line":17,"column":37},"end":{"line":22,"column":2}},"line":17},"5":{"name":"(anonymous_5)","decl":{"start":{"line":20,"column":9},"end":{"line":20,"column":10}},"loc":{"start":{"line":20,"column":21},"end":{"line":20,"column":49}},"line":20},"6":{"name":"(anonymous_6)","decl":{"start":{"line":21,"column":10},"end":{"line":21,"column":11}},"loc":{"start":{"line":21,"column":19},"end":{"line":21,"column":28}},"line":21},"7":{"name":"(anonymous_7)","decl":{"start":{"line":24,"column":18},"end":{"line":24,"column":19}},"loc":{"start":{"line":24,"column":38},"end":{"line":29,"column":2}},"line":24},"8":{"name":"(anonymous_8)","decl":{"start":{"line":27,"column":9},"end":{"line":27,"column":10}},"loc":{"start":{"line":27,"column":21},"end":{"line":27,"column":52}},"line":27},"9":{"name":"(anonymous_9)","decl":{"start":{"line":28,"column":10},"end":{"line":28,"column":11}},"loc":{"start":{"line":28,"column":19},"end":{"line":28,"column":28}},"line":28},"10":{"name":"(anonymous_10)","decl":{"start":{"line":31,"column":20},"end":{"line":31,"column":21}},"loc":{"start":{"line":31,"column":40},"end":{"line":36,"column":2}},"line":31},"11":{"name":"(anonymous_11)","decl":{"start":{"line":34,"column":9},"end":{"line":34,"column":10}},"loc":{"start":{"line":34,"column":21},"end":{"line":34,"column":49}},"line":34},"12":{"name":"(anonymous_12)","decl":{"start":{"line":35,"column":10},"end":{"line":35,"column":11}},"loc":{"start":{"line":35,"column":19},"end":{"line":35,"column":28}},"line":35},"13":{"name":"(anonymous_13)","decl":{"start":{"line":38,"column":20},"end":{"line":38,"column":21}},"loc":{"start":{"line":38,"column":40},"end":{"line":43,"column":2}},"line":38},"14":{"name":"(anonymous_14)","decl":{"start":{"line":41,"column":9},"end":{"line":41,"column":10}},"loc":{"start":{"line":41,"column":21},"end":{"line":41,"column":52}},"line":41},"15":{"name":"(anonymous_15)","decl":{"start":{"line":42,"column":10},"end":{"line":42,"column":11}},"loc":{"start":{"line":42,"column":19},"end":{"line":42,"column":28}},"line":42},"16":{"name":"(anonymous_16)","decl":{"start":{"line":45,"column":23},"end":{"line":45,"column":24}},"loc":{"start":{"line":45,"column":43},"end":{"line":50,"column":2}},"line":45},"17":{"name":"(anonymous_17)","decl":{"start":{"line":48,"column":9},"end":{"line":48,"column":10}},"loc":{"start":{"line":48,"column":21},"end":{"line":48,"column":43}},"line":48},"18":{"name":"(anonymous_18)","decl":{"start":{"line":49,"column":10},"end":{"line":49,"column":11}},"loc":{"start":{"line":49,"column":19},"end":{"line":49,"column":28}},"line":49}},"branchMap":{"0":{"loc":{"start":{"line":11,"column":4},"end":{"line":12,"column":42}},"type":"if","locations":[{"start":{"line":11,"column":4},"end":{"line":12,"column":42}},{"start":{"line":12,"column":9},"end":{"line":12,"column":42}}],"line":11}},"s":{"0":7,"1":7,"2":7,"3":7,"4":7,"5":4,"6":4,"7":3,"8":1,"9":1,"10":7,"11":1,"12":1,"13":0,"14":7,"15":16,"16":10,"17":0,"18":7,"19":1,"20":1,"21":0,"22":7,"23":1,"24":1,"25":0,"26":7,"27":1,"28":1,"29":0,"30":7},"f":{"0":7,"1":4,"2":4,"3":1,"4":1,"5":1,"6":0,"7":16,"8":10,"9":0,"10":1,"11":1,"12":0,"13":1,"14":1,"15":0,"16":1,"17":1,"18":0},"b":{"0":[3,1]},"_coverageSchema":"1a1c01bbd47fc00a2c39e90264f33305004495a9","hash":"12eaad51433bbeb2573f2b9530935c125f7bef81"}
,"/home/erick/Área de Trabalho/Estudo/api_rest_com_jest/src/routes/transfers.js": {"path":"/home/erick/Área de Trabalho/Estudo/api_rest_com_jest/src/routes/transfers.js","statementMap":{"0":{"start":{"line":1,"column":16},"end":{"line":1,"column":34}},"1":{"start":{"line":2,"column":29},"end":{"line":2,"column":70}},"2":{"start":{"line":4,"column":0},"end":{"line":62,"column":2}},"3":{"start":{"line":5,"column":16},"end":{"line":5,"column":32}},"4":{"start":{"line":7,"column":1},"end":{"line":15,"column":4}},"5":{"start":{"line":8,"column":2},"end":{"line":14,"column":30}},"6":{"start":{"line":11,"column":4},"end":{"line":12,"column":16}},"7":{"start":{"line":11,"column":40},"end":{"line":11,"column":73}},"8":{"start":{"line":12,"column":9},"end":{"line":12,"column":16}},"9":{"start":{"line":14,"column":19},"end":{"line":14,"column":28}},"10":{"start":{"line":17,"column":18},"end":{"line":22,"column":2}},"11":{"start":{"line":18,"column":2},"end":{"line":21,"column":30}},"12":{"start":{"line":20,"column":15},"end":{"line":20,"column":21}},"13":{"start":{"line":21,"column":19},"end":{"line":21,"column":28}},"14":{"start":{"line":24,"column":1},"end":{"line":29,"column":4}},"15":{"start":{"line":25,"column":2},"end":{"line":28,"column":30}},"16":{"start":{"line":27,"column":21},"end":{"line":27,"column":49}},"17":{"start":{"line":28,"column":19},"end":{"line":28,"column":28}},"18":{"start":{"line":31,"column":1},"end":{"line":38,"column":4}},"19":{"start":{"line":32,"column":19},"end":{"line":32,"column":56}},"20":{"start":{"line":34,"column":2},"end":{"line":37,"column":30}},"21":{"start":{"line":36,"column":21},"end":{"line":36,"column":52}},"22":{"start":{"line":37,"column":19},"end":{"line":37,"column":28}},"23":{"start":{"line":40,"column":1},"end":{"line":45,"column":4}},"24":{"start":{"line":41,"column":2},"end":{"line":44,"column":30}},"25":{"start":{"line":43,"column":21},"end":{"line":43,"column":49}},"26":{"start":{"line":44,"column":19},"end":{"line":44,"column":28}},"27":{"start":{"line":47,"column":1},"end":{"line":52,"column":4}},"28":{"start":{"line":48,"column":2},"end":{"line":51,"column":30}},"29":{"start":{"line":50,"column":21},"end":{"line":50,"column":52}},"30":{"start":{"line":51,"column":19},"end":{"line":51,"column":28}},"31":{"start":{"line":54,"column":1},"end":{"line":59,"column":4}},"32":{"start":{"line":55,"column":2},"end":{"line":58,"column":30}},"33":{"start":{"line":57,"column":15},"end":{"line":57,"column":37}},"34":{"start":{"line":58,"column":19},"end":{"line":58,"column":28}},"35":{"start":{"line":61,"column":1},"end":{"line":61,"column":15}}},"fnMap":{"0":{"name":"(anonymous_0)","decl":{"start":{"line":4,"column":17},"end":{"line":4,"column":18}},"loc":{"start":{"line":4,"column":26},"end":{"line":62,"column":1}},"line":4},"1":{"name":"(anonymous_1)","decl":{"start":{"line":7,"column":20},"end":{"line":7,"column":21}},"loc":{"start":{"line":7,"column":40},"end":{"line":15,"column":2}},"line":7},"2":{"name":"(anonymous_2)","decl":{"start":{"line":10,"column":9},"end":{"line":10,"column":10}},"loc":{"start":{"line":10,"column":21},"end":{"line":13,"column":4}},"line":10},"3":{"name":"(anonymous_3)","decl":{"start":{"line":14,"column":10},"end":{"line":14,"column":11}},"loc":{"start":{"line":14,"column":19},"end":{"line":14,"column":28}},"line":14},"4":{"name":"(anonymous_4)","decl":{"start":{"line":17,"column":18},"end":{"line":17,"column":19}},"loc":{"start":{"line":17,"column":38},"end":{"line":22,"column":2}},"line":17},"5":{"name":"(anonymous_5)","decl":{"start":{"line":20,"column":9},"end":{"line":20,"column":10}},"loc":{"start":{"line":20,"column":15},"end":{"line":20,"column":21}},"line":20},"6":{"name":"(anonymous_6)","decl":{"start":{"line":21,"column":10},"end":{"line":21,"column":11}},"loc":{"start":{"line":21,"column":19},"end":{"line":21,"column":28}},"line":21},"7":{"name":"(anonymous_7)","decl":{"start":{"line":24,"column":17},"end":{"line":24,"column":18}},"loc":{"start":{"line":24,"column":37},"end":{"line":29,"column":2}},"line":24},"8":{"name":"(anonymous_8)","decl":{"start":{"line":27,"column":9},"end":{"line":27,"column":10}},"loc":{"start":{"line":27,"column":21},"end":{"line":27,"column":49}},"line":27},"9":{"name":"(anonymous_9)","decl":{"start":{"line":28,"column":10},"end":{"line":28,"column":11}},"loc":{"start":{"line":28,"column":19},"end":{"line":28,"column":28}},"line":28},"10":{"name":"(anonymous_10)","decl":{"start":{"line":31,"column":28},"end":{"line":31,"column":29}},"loc":{"start":{"line":31,"column":48},"end":{"line":38,"column":2}},"line":31},"11":{"name":"(anonymous_11)","decl":{"start":{"line":36,"column":9},"end":{"line":36,"column":10}},"loc":{"start":{"line":36,"column":21},"end":{"line":36,"column":52}},"line":36},"12":{"name":"(anonymous_12)","decl":{"start":{"line":37,"column":10},"end":{"line":37,"column":11}},"loc":{"start":{"line":37,"column":19},"end":{"line":37,"column":28}},"line":37},"13":{"name":"(anonymous_13)","decl":{"start":{"line":40,"column":20},"end":{"line":40,"column":21}},"loc":{"start":{"line":40,"column":40},"end":{"line":45,"column":2}},"line":40},"14":{"name":"(anonymous_14)","decl":{"start":{"line":43,"column":9},"end":{"line":43,"column":10}},"loc":{"start":{"line":43,"column":21},"end":{"line":43,"column":49}},"line":43},"15":{"name":"(anonymous_15)","decl":{"start":{"line":44,"column":10},"end":{"line":44,"column":11}},"loc":{"start":{"line":44,"column":19},"end":{"line":44,"column":28}},"line":44},"16":{"name":"(anonymous_16)","decl":{"start":{"line":47,"column":30},"end":{"line":47,"column":31}},"loc":{"start":{"line":47,"column":50},"end":{"line":52,"column":2}},"line":47},"17":{"name":"(anonymous_17)","decl":{"start":{"line":50,"column":9},"end":{"line":50,"column":10}},"loc":{"start":{"line":50,"column":21},"end":{"line":50,"column":52}},"line":50},"18":{"name":"(anonymous_18)","decl":{"start":{"line":51,"column":10},"end":{"line":51,"column":11}},"loc":{"start":{"line":51,"column":19},"end":{"line":51,"column":28}},"line":51},"19":{"name":"(anonymous_19)","decl":{"start":{"line":54,"column":23},"end":{"line":54,"column":24}},"loc":{"start":{"line":54,"column":43},"end":{"line":59,"column":2}},"line":54},"20":{"name":"(anonymous_20)","decl":{"start":{"line":57,"column":9},"end":{"line":57,"column":10}},"loc":{"start":{"line":57,"column":15},"end":{"line":57,"column":37}},"line":57},"21":{"name":"(anonymous_21)","decl":{"start":{"line":58,"column":10},"end":{"line":58,"column":11}},"loc":{"start":{"line":58,"column":19},"end":{"line":58,"column":28}},"line":58}},"branchMap":{"0":{"loc":{"start":{"line":11,"column":4},"end":{"line":12,"column":16}},"type":"if","locations":[{"start":{"line":11,"column":4},"end":{"line":12,"column":16}},{"start":{"line":12,"column":9},"end":{"line":12,"column":16}}],"line":11}},"s":{"0":7,"1":7,"2":7,"3":7,"4":7,"5":11,"6":11,"7":1,"8":10,"9":1,"10":7,"11":18,"12":4,"13":14,"14":7,"15":1,"16":1,"17":0,"18":7,"19":3,"20":3,"21":3,"22":0,"23":7,"24":1,"25":1,"26":0,"27":7,"28":1,"29":1,"30":0,"31":7,"32":1,"33":1,"34":0,"35":7},"f":{"0":7,"1":11,"2":11,"3":1,"4":18,"5":4,"6":14,"7":1,"8":1,"9":0,"10":3,"11":3,"12":0,"13":1,"14":1,"15":0,"16":1,"17":1,"18":0,"19":1,"20":1,"21":0},"b":{"0":[1,10]},"_coverageSchema":"1a1c01bbd47fc00a2c39e90264f33305004495a9","hash":"c64aee89932fe0b22636c64a33a749e7e90eddd5"}
,"/home/erick/Área de Trabalho/Estudo/api_rest_com_jest/src/routes/users.js": {"path":"/home/erick/Área de Trabalho/Estudo/api_rest_com_jest/src/routes/users.js","statementMap":{"0":{"start":{"line":1,"column":16},"end":{"line":1,"column":34}},"1":{"start":{"line":3,"column":0},"end":{"line":24,"column":2}},"2":{"start":{"line":4,"column":16},"end":{"line":4,"column":32}},"3":{"start":{"line":6,"column":1},"end":{"line":11,"column":4}},"4":{"start":{"line":7,"column":2},"end":{"line":10,"column":30}},"5":{"start":{"line":9,"column":21},"end":{"line":9,"column":49}},"6":{"start":{"line":10,"column":19},"end":{"line":10,"column":28}},"7":{"start":{"line":13,"column":1},"end":{"line":21,"column":4}},"8":{"start":{"line":14,"column":2},"end":{"line":20,"column":3}},"9":{"start":{"line":15,"column":18},"end":{"line":15,"column":56}},"10":{"start":{"line":17,"column":3},"end":{"line":17,"column":42}},"11":{"start":{"line":19,"column":3},"end":{"line":19,"column":20}},"12":{"start":{"line":23,"column":1},"end":{"line":23,"column":15}}},"fnMap":{"0":{"name":"(anonymous_0)","decl":{"start":{"line":3,"column":17},"end":{"line":3,"column":18}},"loc":{"start":{"line":3,"column":26},"end":{"line":24,"column":1}},"line":3},"1":{"name":"(anonymous_1)","decl":{"start":{"line":6,"column":17},"end":{"line":6,"column":18}},"loc":{"start":{"line":6,"column":37},"end":{"line":11,"column":2}},"line":6},"2":{"name":"(anonymous_2)","decl":{"start":{"line":9,"column":9},"end":{"line":9,"column":10}},"loc":{"start":{"line":9,"column":21},"end":{"line":9,"column":49}},"line":9},"3":{"name":"(anonymous_3)","decl":{"start":{"line":10,"column":10},"end":{"line":10,"column":11}},"loc":{"start":{"line":10,"column":19},"end":{"line":10,"column":28}},"line":10},"4":{"name":"(anonymous_4)","decl":{"start":{"line":13,"column":18},"end":{"line":13,"column":19}},"loc":{"start":{"line":13,"column":44},"end":{"line":21,"column":2}},"line":13}},"branchMap":{},"s":{"0":7,"1":7,"2":7,"3":7,"4":1,"5":1,"6":0,"7":7,"8":6,"9":6,"10":2,"11":4,"12":7},"f":{"0":7,"1":1,"2":1,"3":0,"4":6},"b":{},"_coverageSchema":"1a1c01bbd47fc00a2c39e90264f33305004495a9","hash":"6359c592a29a591f306729caa05725acddf1b16f"}
,"/home/erick/Área de Trabalho/Estudo/api_rest_com_jest/src/seeds/01_transfer.js": {"path":"/home/erick/Área de Trabalho/Estudo/api_rest_com_jest/src/seeds/01_transfer.js","statementMap":{"0":{"start":{"line":5,"column":0},"end":{"line":93,"column":2}},"1":{"start":{"line":6,"column":1},"end":{"line":92,"column":4}},"2":{"start":{"line":8,"column":14},"end":{"line":8,"column":37}},"3":{"start":{"line":9,"column":14},"end":{"line":9,"column":36}},"4":{"start":{"line":10,"column":14},"end":{"line":10,"column":33}},"5":{"start":{"line":12,"column":3},"end":{"line":25,"column":5}},"6":{"start":{"line":28,"column":3},"end":{"line":33,"column":5}},"7":{"start":{"line":36,"column":3},"end":{"line":55,"column":5}},"8":{"start":{"line":58,"column":3},"end":{"line":91,"column":5}}},"fnMap":{"0":{"name":"(anonymous_0)","decl":{"start":{"line":5,"column":15},"end":{"line":5,"column":16}},"loc":{"start":{"line":5,"column":25},"end":{"line":93,"column":1}},"line":5},"1":{"name":"(anonymous_1)","decl":{"start":{"line":8,"column":8},"end":{"line":8,"column":9}},"loc":{"start":{"line":8,"column":14},"end":{"line":8,"column":37}},"line":8},"2":{"name":"(anonymous_2)","decl":{"start":{"line":9,"column":8},"end":{"line":9,"column":9}},"loc":{"start":{"line":9,"column":14},"end":{"line":9,"column":36}},"line":9},"3":{"name":"(anonymous_3)","decl":{"start":{"line":10,"column":8},"end":{"line":10,"column":9}},"loc":{"start":{"line":10,"column":14},"end":{"line":10,"column":33}},"line":10},"4":{"name":"(anonymous_4)","decl":{"start":{"line":11,"column":8},"end":{"line":11,"column":9}},"loc":{"start":{"line":12,"column":3},"end":{"line":25,"column":5}},"line":12},"5":{"name":"(anonymous_5)","decl":{"start":{"line":27,"column":8},"end":{"line":27,"column":9}},"loc":{"start":{"line":28,"column":3},"end":{"line":33,"column":5}},"line":28},"6":{"name":"(anonymous_6)","decl":{"start":{"line":35,"column":8},"end":{"line":35,"column":9}},"loc":{"start":{"line":36,"column":3},"end":{"line":55,"column":5}},"line":36},"7":{"name":"(anonymous_7)","decl":{"start":{"line":57,"column":8},"end":{"line":57,"column":9}},"loc":{"start":{"line":58,"column":3},"end":{"line":91,"column":5}},"line":58}},"branchMap":{},"s":{"0":2,"1":2,"2":2,"3":2,"4":2,"5":2,"6":2,"7":2,"8":2},"f":{"0":2,"1":2,"2":2,"3":2,"4":2,"5":2,"6":2,"7":2},"b":{},"_coverageSchema":"1a1c01bbd47fc00a2c39e90264f33305004495a9","hash":"49f2e4ab3cf26b500e2b832bfe139d458122b816"}
,"/home/erick/Área de Trabalho/Estudo/api_rest_com_jest/src/seeds/02_balance.js": {"path":"/home/erick/Área de Trabalho/Estudo/api_rest_com_jest/src/seeds/02_balance.js","statementMap":{"0":{"start":{"line":1,"column":15},"end":{"line":1,"column":32}},"1":{"start":{"line":7,"column":0},"end":{"line":153,"column":2}},"2":{"start":{"line":8,"column":1},"end":{"line":152,"column":4}},"3":{"start":{"line":30,"column":3},"end":{"line":37,"column":5}},"4":{"start":{"line":40,"column":3},"end":{"line":59,"column":5}},"5":{"start":{"line":62,"column":3},"end":{"line":151,"column":5}}},"fnMap":{"0":{"name":"(anonymous_0)","decl":{"start":{"line":7,"column":15},"end":{"line":7,"column":16}},"loc":{"start":{"line":7,"column":31},"end":{"line":153,"column":1}},"line":7},"1":{"name":"(anonymous_1)","decl":{"start":{"line":29,"column":8},"end":{"line":29,"column":9}},"loc":{"start":{"line":30,"column":3},"end":{"line":37,"column":5}},"line":30},"2":{"name":"(anonymous_2)","decl":{"start":{"line":39,"column":8},"end":{"line":39,"column":9}},"loc":{"start":{"line":40,"column":3},"end":{"line":59,"column":5}},"line":40},"3":{"name":"(anonymous_3)","decl":{"start":{"line":61,"column":8},"end":{"line":61,"column":9}},"loc":{"start":{"line":62,"column":3},"end":{"line":151,"column":5}},"line":62}},"branchMap":{},"s":{"0":2,"1":2,"2":2,"3":2,"4":2,"5":2},"f":{"0":2,"1":2,"2":2,"3":2},"b":{},"_coverageSchema":"1a1c01bbd47fc00a2c39e90264f33305004495a9","hash":"4006d9f8960cbdb24419292b0b1c98cfba1e155f"}
,"/home/erick/Área de Trabalho/Estudo/api_rest_com_jest/src/services/account.js": {"path":"/home/erick/Área de Trabalho/Estudo/api_rest_com_jest/src/services/account.js","statementMap":{"0":{"start":{"line":1,"column":24},"end":{"line":1,"column":60}},"1":{"start":{"line":3,"column":0},"end":{"line":37,"column":2}},"2":{"start":{"line":4,"column":23},"end":{"line":4,"column":33}},"3":{"start":{"line":6,"column":14},"end":{"line":8,"column":2}},"4":{"start":{"line":7,"column":2},"end":{"line":7,"column":53}},"5":{"start":{"line":10,"column":17},"end":{"line":12,"column":2}},"6":{"start":{"line":11,"column":2},"end":{"line":11,"column":58}},"7":{"start":{"line":14,"column":14},"end":{"line":22,"column":2}},"8":{"start":{"line":15,"column":2},"end":{"line":15,"column":81}},"9":{"start":{"line":15,"column":21},"end":{"line":15,"column":81}},"10":{"start":{"line":17,"column":16},"end":{"line":17,"column":76}},"11":{"start":{"line":19,"column":2},"end":{"line":19,"column":76}},"12":{"start":{"line":19,"column":13},"end":{"line":19,"column":76}},"13":{"start":{"line":21,"column":2},"end":{"line":21,"column":52}},"14":{"start":{"line":24,"column":16},"end":{"line":26,"column":2}},"15":{"start":{"line":25,"column":2},"end":{"line":25,"column":66}},"16":{"start":{"line":28,"column":16},"end":{"line":34,"column":2}},"17":{"start":{"line":29,"column":23},"end":{"line":29,"column":77}},"18":{"start":{"line":31,"column":2},"end":{"line":31,"column":89}},"19":{"start":{"line":31,"column":20},"end":{"line":31,"column":89}},"20":{"start":{"line":33,"column":2},"end":{"line":33,"column":51}},"21":{"start":{"line":36,"column":1},"end":{"line":36,"column":48}}},"fnMap":{"0":{"name":"(anonymous_0)","decl":{"start":{"line":3,"column":17},"end":{"line":3,"column":18}},"loc":{"start":{"line":3,"column":26},"end":{"line":37,"column":1}},"line":3},"1":{"name":"(anonymous_1)","decl":{"start":{"line":6,"column":14},"end":{"line":6,"column":15}},"loc":{"start":{"line":6,"column":31},"end":{"line":8,"column":2}},"line":6},"2":{"name":"(anonymous_2)","decl":{"start":{"line":10,"column":17},"end":{"line":10,"column":18}},"loc":{"start":{"line":10,"column":29},"end":{"line":12,"column":2}},"line":10},"3":{"name":"(anonymous_3)","decl":{"start":{"line":14,"column":14},"end":{"line":14,"column":15}},"loc":{"start":{"line":14,"column":33},"end":{"line":22,"column":2}},"line":14},"4":{"name":"(anonymous_4)","decl":{"start":{"line":24,"column":16},"end":{"line":24,"column":17}},"loc":{"start":{"line":24,"column":33},"end":{"line":26,"column":2}},"line":24},"5":{"name":"(anonymous_5)","decl":{"start":{"line":28,"column":16},"end":{"line":28,"column":17}},"loc":{"start":{"line":28,"column":30},"end":{"line":34,"column":2}},"line":28}},"branchMap":{"0":{"loc":{"start":{"line":6,"column":15},"end":{"line":6,"column":26}},"type":"default-arg","locations":[{"start":{"line":6,"column":24},"end":{"line":6,"column":26}}],"line":6},"1":{"loc":{"start":{"line":15,"column":2},"end":{"line":15,"column":81}},"type":"if","locations":[{"start":{"line":15,"column":2},"end":{"line":15,"column":81}},{"start":{},"end":{}}],"line":15},"2":{"loc":{"start":{"line":19,"column":2},"end":{"line":19,"column":76}},"type":"if","locations":[{"start":{"line":19,"column":2},"end":{"line":19,"column":76}},{"start":{},"end":{}}],"line":19},"3":{"loc":{"start":{"line":31,"column":2},"end":{"line":31,"column":89}},"type":"if","locations":[{"start":{"line":31,"column":2},"end":{"line":31,"column":89}},{"start":{},"end":{}}],"line":31}},"s":{"0":7,"1":7,"2":7,"3":7,"4":10,"5":7,"6":1,"7":7,"8":3,"9":1,"10":2,"11":2,"12":1,"13":1,"14":7,"15":1,"16":7,"17":2,"18":2,"19":1,"20":1,"21":7},"f":{"0":7,"1":10,"2":1,"3":3,"4":1,"5":2},"b":{"0":[0],"1":[1,2],"2":[1,1],"3":[1,1]},"_coverageSchema":"1a1c01bbd47fc00a2c39e90264f33305004495a9","hash":"d7b4995491b14c6b16e94058f4545189a64d480f"}
,"/home/erick/Área de Trabalho/Estudo/api_rest_com_jest/src/services/balance.js": {"path":"/home/erick/Área de Trabalho/Estudo/api_rest_com_jest/src/services/balance.js","statementMap":{"0":{"start":{"line":1,"column":0},"end":{"line":15,"column":2}},"1":{"start":{"line":2,"column":18},"end":{"line":12,"column":2}},"2":{"start":{"line":3,"column":2},"end":{"line":11,"column":22}},"3":{"start":{"line":14,"column":1},"end":{"line":14,"column":21}}},"fnMap":{"0":{"name":"(anonymous_0)","decl":{"start":{"line":1,"column":17},"end":{"line":1,"column":18}},"loc":{"start":{"line":1,"column":26},"end":{"line":15,"column":1}},"line":1},"1":{"name":"(anonymous_1)","decl":{"start":{"line":2,"column":18},"end":{"line":2,"column":19}},"loc":{"start":{"line":2,"column":30},"end":{"line":12,"column":2}},"line":2}},"branchMap":{},"s":{"0":7,"1":7,"2":10,"3":7},"f":{"0":7,"1":10},"b":{},"_coverageSchema":"1a1c01bbd47fc00a2c39e90264f33305004495a9","hash":"ab70bef66f39eb0c8d2483b371f873b22667b5b1"}
,"/home/erick/Área de Trabalho/Estudo/api_rest_com_jest/src/services/transaction.js": {"path":"/home/erick/Área de Trabalho/Estudo/api_rest_com_jest/src/services/transaction.js","statementMap":{"0":{"start":{"line":1,"column":24},"end":{"line":1,"column":60}},"1":{"start":{"line":3,"column":0},"end":{"line":41,"column":2}},"2":{"start":{"line":4,"column":23},"end":{"line":4,"column":37}},"3":{"start":{"line":6,"column":14},"end":{"line":13,"column":2}},"4":{"start":{"line":7,"column":2},"end":{"line":12,"column":13}},"5":{"start":{"line":15,"column":17},"end":{"line":17,"column":2}},"6":{"start":{"line":16,"column":2},"end":{"line":16,"column":53}},"7":{"start":{"line":19,"column":14},"end":{"line":30,"column":2}},"8":{"start":{"line":20,"column":2},"end":{"line":20,"column":87}},"9":{"start":{"line":20,"column":22},"end":{"line":20,"column":87}},"10":{"start":{"line":21,"column":2},"end":{"line":21,"column":78}},"11":{"start":{"line":21,"column":17},"end":{"line":21,"column":78}},"12":{"start":{"line":22,"column":2},"end":{"line":22,"column":75}},"13":{"start":{"line":22,"column":15},"end":{"line":22,"column":75}},"14":{"start":{"line":23,"column":2},"end":{"line":23,"column":84}},"15":{"start":{"line":23,"column":17},"end":{"line":23,"column":84}},"16":{"start":{"line":24,"column":2},"end":{"line":24,"column":75}},"17":{"start":{"line":24,"column":15},"end":{"line":24,"column":75}},"18":{"start":{"line":25,"column":2},"end":{"line":25,"column":86}},"19":{"start":{"line":25,"column":43},"end":{"line":25,"column":86}},"20":{"start":{"line":27,"column":2},"end":{"line":27,"column":91}},"21":{"start":{"line":27,"column":76},"end":{"line":27,"column":91}},"22":{"start":{"line":29,"column":2},"end":{"line":29,"column":46}},"23":{"start":{"line":32,"column":16},"end":{"line":34,"column":2}},"24":{"start":{"line":33,"column":2},"end":{"line":33,"column":70}},"25":{"start":{"line":36,"column":16},"end":{"line":38,"column":2}},"26":{"start":{"line":37,"column":2},"end":{"line":37,"column":51}},"27":{"start":{"line":40,"column":1},"end":{"line":40,"column":48}}},"fnMap":{"0":{"name":"(anonymous_0)","decl":{"start":{"line":3,"column":17},"end":{"line":3,"column":18}},"loc":{"start":{"line":3,"column":26},"end":{"line":41,"column":1}},"line":3},"1":{"name":"(anonymous_1)","decl":{"start":{"line":6,"column":14},"end":{"line":6,"column":15}},"loc":{"start":{"line":6,"column":39},"end":{"line":13,"column":2}},"line":6},"2":{"name":"(anonymous_2)","decl":{"start":{"line":15,"column":17},"end":{"line":15,"column":18}},"loc":{"start":{"line":15,"column":29},"end":{"line":17,"column":2}},"line":15},"3":{"name":"(anonymous_3)","decl":{"start":{"line":19,"column":14},"end":{"line":19,"column":15}},"loc":{"start":{"line":19,"column":21},"end":{"line":30,"column":2}},"line":19},"4":{"name":"(anonymous_4)","decl":{"start":{"line":32,"column":16},"end":{"line":32,"column":17}},"loc":{"start":{"line":32,"column":37},"end":{"line":34,"column":2}},"line":32},"5":{"name":"(anonymous_5)","decl":{"start":{"line":36,"column":16},"end":{"line":36,"column":17}},"loc":{"start":{"line":36,"column":37},"end":{"line":38,"column":2}},"line":36}},"branchMap":{"0":{"loc":{"start":{"line":6,"column":23},"end":{"line":6,"column":34}},"type":"default-arg","locations":[{"start":{"line":6,"column":32},"end":{"line":6,"column":34}}],"line":6},"1":{"loc":{"start":{"line":20,"column":2},"end":{"line":20,"column":87}},"type":"if","locations":[{"start":{"line":20,"column":2},"end":{"line":20,"column":87}},{"start":{},"end":{}}],"line":20},"2":{"loc":{"start":{"line":21,"column":2},"end":{"line":21,"column":78}},"type":"if","locations":[{"start":{"line":21,"column":2},"end":{"line":21,"column":78}},{"start":{},"end":{}}],"line":21},"3":{"loc":{"start":{"line":22,"column":2},"end":{"line":22,"column":75}},"type":"if","locations":[{"start":{"line":22,"column":2},"end":{"line":22,"column":75}},{"start":{},"end":{}}],"line":22},"4":{"loc":{"start":{"line":23,"column":2},"end":{"line":23,"column":84}},"type":"if","locations":[{"start":{"line":23,"column":2},"end":{"line":23,"column":84}},{"start":{},"end":{}}],"line":23},"5":{"loc":{"start":{"line":24,"column":2},"end":{"line":24,"column":75}},"type":"if","locations":[{"start":{"line":24,"column":2},"end":{"line":24,"column":75}},{"start":{},"end":{}}],"line":24},"6":{"loc":{"start":{"line":25,"column":2},"end":{"line":25,"column":86}},"type":"if","locations":[{"start":{"line":25,"column":2},"end":{"line":25,"column":86}},{"start":{},"end":{}}],"line":25},"7":{"loc":{"start":{"line":25,"column":8},"end":{"line":25,"column":40}},"type":"binary-expr","locations":[{"start":{"line":25,"column":8},"end":{"line":25,"column":22}},{"start":{"line":25,"column":26},"end":{"line":25,"column":40}}],"line":25},"8":{"loc":{"start":{"line":27,"column":2},"end":{"line":27,"column":91}},"type":"if","locations":[{"start":{"line":27,"column":2},"end":{"line":27,"column":91}},{"start":{},"end":{}}],"line":27},"9":{"loc":{"start":{"line":27,"column":6},"end":{"line":27,"column":74}},"type":"binary-expr","locations":[{"start":{"line":27,"column":7},"end":{"line":27,"column":21}},{"start":{"line":27,"column":25},"end":{"line":27,"column":37}},{"start":{"line":27,"column":43},"end":{"line":27,"column":57}},{"start":{"line":27,"column":61},"end":{"line":27,"column":73}}],"line":27}},"s":{"0":7,"1":7,"2":7,"3":7,"4":5,"5":7,"6":3,"7":7,"8":16,"9":1,"10":15,"11":1,"12":14,"13":1,"14":13,"15":1,"16":12,"17":1,"18":11,"19":1,"20":10,"21":5,"22":10,"23":7,"24":1,"25":7,"26":1,"27":7},"f":{"0":7,"1":5,"2":3,"3":16,"4":1,"5":1},"b":{"0":[1],"1":[1,15],"2":[1,14],"3":[1,13],"4":[1,12],"5":[1,11],"6":[1,10],"7":[11,5],"8":[5,5],"9":[10,6,9,4]},"_coverageSchema":"1a1c01bbd47fc00a2c39e90264f33305004495a9","hash":"cbc1660c30bfb4d21514df6c0d633a490d8436d2"}
,"/home/erick/Área de Trabalho/Estudo/api_rest_com_jest/src/services/transfer.js": {"path":"/home/erick/Área de Trabalho/Estudo/api_rest_com_jest/src/services/transfer.js","statementMap":{"0":{"start":{"line":1,"column":24},"end":{"line":1,"column":60}},"1":{"start":{"line":3,"column":0},"end":{"line":100,"column":2}},"2":{"start":{"line":4,"column":23},"end":{"line":4,"column":34}},"3":{"start":{"line":6,"column":14},"end":{"line":8,"column":2}},"4":{"start":{"line":7,"column":2},"end":{"line":7,"column":54}},"5":{"start":{"line":10,"column":18},"end":{"line":26,"column":2}},"6":{"start":{"line":11,"column":2},"end":{"line":11,"column":87}},"7":{"start":{"line":11,"column":22},"end":{"line":11,"column":87}},"8":{"start":{"line":12,"column":2},"end":{"line":12,"column":78}},"9":{"start":{"line":12,"column":17},"end":{"line":12,"column":78}},"10":{"start":{"line":13,"column":2},"end":{"line":13,"column":75}},"11":{"start":{"line":13,"column":15},"end":{"line":13,"column":75}},"12":{"start":{"line":14,"column":2},"end":{"line":15,"column":80}},"13":{"start":{"line":15,"column":3},"end":{"line":15,"column":80}},"14":{"start":{"line":16,"column":2},"end":{"line":17,"column":81}},"15":{"start":{"line":17,"column":3},"end":{"line":17,"column":81}},"16":{"start":{"line":18,"column":2},"end":{"line":19,"column":89}},"17":{"start":{"line":19,"column":3},"end":{"line":19,"column":89}},"18":{"start":{"line":21,"column":19},"end":{"line":21,"column":88}},"19":{"start":{"line":22,"column":2},"end":{"line":25,"column":5}},"20":{"start":{"line":23,"column":3},"end":{"line":24,"column":65}},"21":{"start":{"line":24,"column":4},"end":{"line":24,"column":65}},"22":{"start":{"line":28,"column":14},"end":{"line":57,"column":2}},"23":{"start":{"line":29,"column":17},"end":{"line":29,"column":59}},"24":{"start":{"line":31,"column":21},"end":{"line":31,"column":33}},"25":{"start":{"line":33,"column":23},"end":{"line":52,"column":3}},"26":{"start":{"line":54,"column":2},"end":{"line":54,"column":52}},"27":{"start":{"line":56,"column":2},"end":{"line":56,"column":16}},"28":{"start":{"line":59,"column":17},"end":{"line":61,"column":2}},"29":{"start":{"line":60,"column":2},"end":{"line":60,"column":53}},"30":{"start":{"line":63,"column":16},"end":{"line":91,"column":2}},"31":{"start":{"line":64,"column":17},"end":{"line":64,"column":73}},"32":{"start":{"line":66,"column":23},"end":{"line":85,"column":3}},"33":{"start":{"line":87,"column":2},"end":{"line":87,"column":64}},"34":{"start":{"line":88,"column":2},"end":{"line":88,"column":52}},"35":{"start":{"line":90,"column":2},"end":{"line":90,"column":16}},"36":{"start":{"line":93,"column":16},"end":{"line":97,"column":2}},"37":{"start":{"line":94,"column":2},"end":{"line":94,"column":64}},"38":{"start":{"line":96,"column":2},"end":{"line":96,"column":51}},"39":{"start":{"line":99,"column":1},"end":{"line":99,"column":58}}},"fnMap":{"0":{"name":"(anonymous_0)","decl":{"start":{"line":3,"column":17},"end":{"line":3,"column":18}},"loc":{"start":{"line":3,"column":26},"end":{"line":100,"column":1}},"line":3},"1":{"name":"(anonymous_1)","decl":{"start":{"line":6,"column":14},"end":{"line":6,"column":15}},"loc":{"start":{"line":6,"column":31},"end":{"line":8,"column":2}},"line":6},"2":{"name":"(anonymous_2)","decl":{"start":{"line":10,"column":18},"end":{"line":10,"column":19}},"loc":{"start":{"line":10,"column":31},"end":{"line":26,"column":2}},"line":10},"3":{"name":"(anonymous_3)","decl":{"start":{"line":22,"column":19},"end":{"line":22,"column":20}},"loc":{"start":{"line":22,"column":28},"end":{"line":25,"column":3}},"line":22},"4":{"name":"(anonymous_4)","decl":{"start":{"line":28,"column":14},"end":{"line":28,"column":15}},"loc":{"start":{"line":28,"column":27},"end":{"line":57,"column":2}},"line":28},"5":{"name":"(anonymous_5)","decl":{"start":{"line":59,"column":17},"end":{"line":59,"column":18}},"loc":{"start":{"line":59,"column":34},"end":{"line":61,"column":2}},"line":59},"6":{"name":"(anonymous_6)","decl":{"start":{"line":63,"column":16},"end":{"line":63,"column":17}},"loc":{"start":{"line":63,"column":33},"end":{"line":91,"column":2}},"line":63},"7":{"name":"(anonymous_7)","decl":{"start":{"line":93,"column":16},"end":{"line":93,"column":17}},"loc":{"start":{"line":93,"column":30},"end":{"line":97,"column":2}},"line":93}},"branchMap":{"0":{"loc":{"start":{"line":6,"column":15},"end":{"line":6,"column":26}},"type":"default-arg","locations":[{"start":{"line":6,"column":24},"end":{"line":6,"column":26}}],"line":6},"1":{"loc":{"start":{"line":11,"column":2},"end":{"line":11,"column":87}},"type":"if","locations":[{"start":{"line":11,"column":2},"end":{"line":11,"column":87}},{"start":{},"end":{}}],"line":11},"2":{"loc":{"start":{"line":12,"column":2},"end":{"line":12,"column":78}},"type":"if","locations":[{"start":{"line":12,"column":2},"end":{"line":12,"column":78}},{"start":{},"end":{}}],"line":12},"3":{"loc":{"start":{"line":13,"column":2},"end":{"line":13,"column":75}},"type":"if","locations":[{"start":{"line":13,"column":2},"end":{"line":13,"column":75}},{"start":{},"end":{}}],"line":13},"4":{"loc":{"start":{"line":14,"column":2},"end":{"line":15,"column":80}},"type":"if","locations":[{"start":{"line":14,"column":2},"end":{"line":15,"column":80}},{"start":{},"end":{}}],"line":14},"5":{"loc":{"start":{"line":16,"column":2},"end":{"line":17,"column":81}},"type":"if","locations":[{"start":{"line":16,"column":2},"end":{"line":17,"column":81}},{"start":{},"end":{}}],"line":16},"6":{"loc":{"start":{"line":18,"column":2},"end":{"line":19,"column":89}},"type":"if","locations":[{"start":{"line":18,"column":2},"end":{"line":19,"column":89}},{"start":{},"end":{}}],"line":18},"7":{"loc":{"start":{"line":23,"column":3},"end":{"line":24,"column":65}},"type":"if","locations":[{"start":{"line":23,"column":3},"end":{"line":24,"column":65}},{"start":{},"end":{}}],"line":23},"8":{"loc":{"start":{"line":59,"column":18},"end":{"line":59,"column":29}},"type":"default-arg","locations":[{"start":{"line":59,"column":27},"end":{"line":59,"column":29}}],"line":59}},"s":{"0":7,"1":7,"2":7,"3":7,"4":1,"5":7,"6":18,"7":2,"8":16,"9":2,"10":14,"11":2,"12":12,"13":2,"14":10,"15":2,"16":8,"17":2,"18":6,"19":6,"20":12,"21":2,"22":7,"23":3,"24":3,"25":3,"26":3,"27":3,"28":7,"29":12,"30":7,"31":1,"32":1,"33":1,"34":1,"35":1,"36":7,"37":1,"38":1,"39":7},"f":{"0":7,"1":1,"2":18,"3":12,"4":3,"5":12,"6":1,"7":1},"b":{"0":[0],"1":[2,16],"2":[2,14],"3":[2,12],"4":[2,10],"5":[2,8],"6":[2,6],"7":[2,10],"8":[0]},"_coverageSchema":"1a1c01bbd47fc00a2c39e90264f33305004495a9","hash":"275603bc5d0b2d146eb76ab78fd10a46f98a1da1"}
,"/home/erick/Área de Trabalho/Estudo/api_rest_com_jest/src/services/user.js": {"path":"/home/erick/Área de Trabalho/Estudo/api_rest_com_jest/src/services/user.js","statementMap":{"0":{"start":{"line":1,"column":15},"end":{"line":1,"column":39}},"1":{"start":{"line":2,"column":24},"end":{"line":2,"column":60}},"2":{"start":{"line":4,"column":0},"end":{"line":36,"column":2}},"3":{"start":{"line":5,"column":23},"end":{"line":5,"column":30}},"4":{"start":{"line":7,"column":17},"end":{"line":9,"column":2}},"5":{"start":{"line":8,"column":2},"end":{"line":8,"column":62}},"6":{"start":{"line":11,"column":17},"end":{"line":13,"column":2}},"7":{"start":{"line":12,"column":2},"end":{"line":12,"column":53}},"8":{"start":{"line":15,"column":23},"end":{"line":19,"column":2}},"9":{"start":{"line":16,"column":15},"end":{"line":16,"column":37}},"10":{"start":{"line":18,"column":2},"end":{"line":18,"column":39}},"11":{"start":{"line":21,"column":14},"end":{"line":33,"column":2}},"12":{"start":{"line":22,"column":2},"end":{"line":22,"column":78}},"13":{"start":{"line":22,"column":18},"end":{"line":22,"column":78}},"14":{"start":{"line":23,"column":2},"end":{"line":23,"column":79}},"15":{"start":{"line":23,"column":18},"end":{"line":23,"column":79}},"16":{"start":{"line":24,"column":2},"end":{"line":24,"column":81}},"17":{"start":{"line":24,"column":20},"end":{"line":24,"column":81}},"18":{"start":{"line":26,"column":17},"end":{"line":26,"column":51}},"19":{"start":{"line":28,"column":2},"end":{"line":28,"column":90}},"20":{"start":{"line":28,"column":14},"end":{"line":28,"column":90}},"21":{"start":{"line":30,"column":2},"end":{"line":30,"column":43}},"22":{"start":{"line":32,"column":2},"end":{"line":32,"column":68}},"23":{"start":{"line":35,"column":1},"end":{"line":35,"column":35}}},"fnMap":{"0":{"name":"(anonymous_0)","decl":{"start":{"line":4,"column":17},"end":{"line":4,"column":18}},"loc":{"start":{"line":4,"column":26},"end":{"line":36,"column":1}},"line":4},"1":{"name":"(anonymous_1)","decl":{"start":{"line":7,"column":17},"end":{"line":7,"column":18}},"loc":{"start":{"line":7,"column":23},"end":{"line":9,"column":2}},"line":7},"2":{"name":"(anonymous_2)","decl":{"start":{"line":11,"column":17},"end":{"line":11,"column":18}},"loc":{"start":{"line":11,"column":34},"end":{"line":13,"column":2}},"line":11},"3":{"name":"(anonymous_3)","decl":{"start":{"line":15,"column":23},"end":{"line":15,"column":24}},"loc":{"start":{"line":15,"column":35},"end":{"line":19,"column":2}},"line":15},"4":{"name":"(anonymous_4)","decl":{"start":{"line":21,"column":14},"end":{"line":21,"column":15}},"loc":{"start":{"line":21,"column":30},"end":{"line":33,"column":2}},"line":21}},"branchMap":{"0":{"loc":{"start":{"line":11,"column":18},"end":{"line":11,"column":29}},"type":"default-arg","locations":[{"start":{"line":11,"column":27},"end":{"line":11,"column":29}}],"line":11},"1":{"loc":{"start":{"line":22,"column":2},"end":{"line":22,"column":78}},"type":"if","locations":[{"start":{"line":22,"column":2},"end":{"line":22,"column":78}},{"start":{},"end":{}}],"line":22},"2":{"loc":{"start":{"line":23,"column":2},"end":{"line":23,"column":79}},"type":"if","locations":[{"start":{"line":23,"column":2},"end":{"line":23,"column":79}},{"start":{},"end":{}}],"line":23},"3":{"loc":{"start":{"line":24,"column":2},"end":{"line":24,"column":81}},"type":"if","locations":[{"start":{"line":24,"column":2},"end":{"line":24,"column":81}},{"start":{},"end":{}}],"line":24},"4":{"loc":{"start":{"line":28,"column":2},"end":{"line":28,"column":90}},"type":"if","locations":[{"start":{"line":28,"column":2},"end":{"line":28,"column":90}},{"start":{},"end":{}}],"line":28}},"s":{"0":7,"1":7,"2":7,"3":7,"4":7,"5":1,"6":7,"7":84,"8":7,"9":8,"10":8,"11":7,"12":12,"13":1,"14":11,"15":1,"16":10,"17":1,"18":9,"19":9,"20":1,"21":8,"22":8,"23":7},"f":{"0":7,"1":1,"2":84,"3":8,"4":12},"b":{"0":[0],"1":[1,11],"2":[1,10],"3":[1,9],"4":[1,8]},"_coverageSchema":"1a1c01bbd47fc00a2c39e90264f33305004495a9","hash":"a801b577b8b221434a58611c41f84eb4fd24d3f2"}
}
