TN:
SF:knexfile.js
FNF:0
FNH:0
DA:1,7
LF:1
LH:1
BRF:0
BRH:0
end_of_record
TN:
SF:src/app.js
FN:20,(anonymous_0)
FN:24,(anonymous_1)
FNF:2
FNH:2
FNDA:1,(anonymous_0)
FNDA:34,(anonymous_1)
DA:1,7
DA:2,7
DA:3,7
DA:5,7
DA:7,7
DA:9,7
DA:20,7
DA:21,1
DA:24,7
DA:25,34
DA:27,34
DA:28,5
DA:30,0
DA:31,0
DA:34,34
DA:44,7
LF:16
LH:14
BRDA:27,0,0,29
BRDA:27,0,1,5
BRDA:28,1,0,5
BRDA:28,1,1,0
BRF:4
BRH:3
end_of_record
TN:
SF:src/config/middlewares.js
FN:4,(anonymous_0)
FNF:1
FNH:1
FNDA:7,(anonymous_0)
DA:1,7
DA:4,7
DA:5,7
LF:3
LH:3
BRF:0
BRH:0
end_of_record
TN:
SF:src/config/passport.js
FN:8,(anonymous_0)
FN:14,(anonymous_1)
FN:17,(anonymous_2)
FN:21,(anonymous_3)
FN:27,(anonymous_4)
FNF:5
FNH:4
FNDA:7,(anonymous_0)
FNDA:71,(anonymous_1)
FNDA:71,(anonymous_2)
FNDA:0,(anonymous_3)
FNDA:7,(anonymous_4)
DA:1,7
DA:2,7
DA:4,7
DA:6,7
DA:8,7
DA:9,7
DA:14,7
DA:15,71
DA:18,71
DA:19,0
DA:21,0
DA:24,7
DA:26,7
DA:27,7
LF:14
LH:12
BRDA:18,0,0,71
BRDA:18,0,1,0
BRF:2
BRH:1
end_of_record
TN:
SF:src/config/router.js
FN:3,(anonymous_0)
FNF:1
FNH:1
FNDA:7,(anonymous_0)
DA:1,7
DA:3,7
DA:4,7
DA:6,7
DA:8,7
DA:9,7
DA:10,7
DA:11,7
DA:12,7
DA:14,7
LF:10
LH:10
BRF:0
BRH:0
end_of_record
TN:
SF:src/errors/RecursoIndevidoError.js
FN:1,RecursoIndevidoError
FNF:1
FNH:1
FNDA:5,RecursoIndevidoError
DA:1,7
DA:2,5
DA:3,5
LF:3
LH:3
BRDA:1,0,0,5
BRF:1
BRH:1
end_of_record
TN:
SF:src/errors/ValidationError.js
FN:1,ValidationError
FNF:1
FNH:1
FNDA:29,ValidationError
DA:1,7
DA:2,29
DA:3,29
LF:3
LH:3
BRF:0
BRH:0
end_of_record
TN:
SF:src/routes/accounts.js
FN:5,(anonymous_0)
FN:8,(anonymous_1)
FN:11,(anonymous_2)
FN:15,(anonymous_3)
FN:18,(anonymous_4)
FN:21,(anonymous_5)
FN:22,(anonymous_6)
FN:25,(anonymous_7)
FN:26,(anonymous_8)
FN:29,(anonymous_9)
FN:32,(anonymous_10)
FN:33,(anonymous_11)
FN:36,(anonymous_12)
FN:39,(anonymous_13)
FN:40,(anonymous_14)
FN:43,(anonymous_15)
FN:46,(anonymous_16)
FN:47,(anonymous_17)
FNF:18
FNH:16
FNDA:7,(anonymous_0)
FNDA:7,(anonymous_1)
FNDA:7,(anonymous_2)
FNDA:3,(anonymous_3)
FNDA:3,(anonymous_4)
FNDA:1,(anonymous_5)
FNDA:2,(anonymous_6)
FNDA:1,(anonymous_7)
FNDA:1,(anonymous_8)
FNDA:1,(anonymous_9)
FNDA:1,(anonymous_10)
FNDA:0,(anonymous_11)
FNDA:1,(anonymous_12)
FNDA:1,(anonymous_13)
FNDA:0,(anonymous_14)
FNDA:2,(anonymous_15)
FNDA:1,(anonymous_16)
FNDA:1,(anonymous_17)
DA:1,7
DA:3,7
DA:5,7
DA:6,7
DA:8,7
DA:9,7
DA:12,7
DA:13,4
DA:15,3
DA:18,7
DA:19,3
DA:21,1
DA:22,2
DA:25,7
DA:26,1
DA:29,7
DA:30,1
DA:32,1
DA:33,0
DA:36,7
DA:37,1
DA:39,1
DA:40,0
DA:43,7
DA:44,2
DA:46,1
DA:47,1
DA:50,7
LF:28
LH:26
BRDA:12,0,0,3
BRDA:12,0,1,4
BRF:2
BRH:2
end_of_record
TN:
SF:src/routes/auth.js
FN:8,(anonymous_0)
FN:11,(anonymous_1)
FN:21,(anonymous_2)
FN:24,(anonymous_3)
FN:39,(anonymous_4)
FNF:5
FNH:5
FNDA:7,(anonymous_0)
FNDA:1,(anonymous_1)
FNDA:3,(anonymous_2)
FNDA:3,(anonymous_3)
FNDA:2,(anonymous_4)
DA:1,7
DA:2,7
DA:3,7
DA:4,7
DA:6,7
DA:8,7
DA:9,7
DA:11,7
DA:12,1
DA:13,1
DA:15,1
DA:17,0
DA:21,7
DA:22,3
DA:25,3
DA:27,2
DA:28,1
DA:34,1
DA:36,1
DA:37,1
DA:39,2
DA:42,7
LF:22
LH:21
BRDA:25,0,0,1
BRDA:25,0,1,2
BRDA:27,1,0,1
BRDA:27,1,1,1
BRF:4
BRH:4
end_of_record
TN:
SF:src/routes/balance.js
FN:3,(anonymous_0)
FN:6,(anonymous_1)
FN:9,(anonymous_2)
FN:10,(anonymous_3)
FNF:4
FNH:3
FNDA:7,(anonymous_0)
FNDA:10,(anonymous_1)
FNDA:10,(anonymous_2)
FNDA:0,(anonymous_3)
DA:1,7
DA:3,7
DA:4,7
DA:6,7
DA:7,10
DA:9,10
DA:10,0
DA:13,7
LF:8
LH:7
BRF:0
BRH:0
end_of_record
TN:
SF:src/routes/transactions.js
FN:4,(anonymous_0)
FN:7,(anonymous_1)
FN:10,(anonymous_2)
FN:14,(anonymous_3)
FN:17,(anonymous_4)
FN:20,(anonymous_5)
FN:21,(anonymous_6)
FN:24,(anonymous_7)
FN:27,(anonymous_8)
FN:28,(anonymous_9)
FN:31,(anonymous_10)
FN:34,(anonymous_11)
FN:35,(anonymous_12)
FN:38,(anonymous_13)
FN:41,(anonymous_14)
FN:42,(anonymous_15)
FN:45,(anonymous_16)
FN:48,(anonymous_17)
FN:49,(anonymous_18)
FNF:19
FNH:14
FNDA:7,(anonymous_0)
FNDA:4,(anonymous_1)
FNDA:4,(anonymous_2)
FNDA:1,(anonymous_3)
FNDA:1,(anonymous_4)
FNDA:1,(anonymous_5)
FNDA:0,(anonymous_6)
FNDA:16,(anonymous_7)
FNDA:10,(anonymous_8)
FNDA:0,(anonymous_9)
FNDA:1,(anonymous_10)
FNDA:1,(anonymous_11)
FNDA:0,(anonymous_12)
FNDA:1,(anonymous_13)
FNDA:1,(anonymous_14)
FNDA:0,(anonymous_15)
FNDA:1,(anonymous_16)
FNDA:1,(anonymous_17)
FNDA:0,(anonymous_18)
DA:1,7
DA:2,7
DA:4,7
DA:5,7
DA:7,7
DA:8,4
DA:11,4
DA:12,1
DA:14,1
DA:17,7
DA:18,1
DA:20,1
DA:21,0
DA:24,7
DA:25,16
DA:27,10
DA:28,0
DA:31,7
DA:32,1
DA:34,1
DA:35,0
DA:38,7
DA:39,1
DA:41,1
DA:42,0
DA:45,7
DA:46,1
DA:48,1
DA:49,0
DA:52,7
LF:30
LH:25
BRDA:11,0,0,3
BRDA:11,0,1,1
BRF:2
BRH:2
end_of_record
TN:
SF:src/routes/transfers.js
FN:4,(anonymous_0)
FN:7,(anonymous_1)
FN:10,(anonymous_2)
FN:14,(anonymous_3)
FN:17,(anonymous_4)
FN:20,(anonymous_5)
FN:21,(anonymous_6)
FN:24,(anonymous_7)
FN:27,(anonymous_8)
FN:28,(anonymous_9)
FN:31,(anonymous_10)
FN:36,(anonymous_11)
FN:37,(anonymous_12)
FN:40,(anonymous_13)
FN:43,(anonymous_14)
FN:44,(anonymous_15)
FN:47,(anonymous_16)
FN:50,(anonymous_17)
FN:51,(anonymous_18)
FN:54,(anonymous_19)
FN:57,(anonymous_20)
FN:58,(anonymous_21)
FNF:22
FNH:17
FNDA:7,(anonymous_0)
FNDA:11,(anonymous_1)
FNDA:11,(anonymous_2)
FNDA:1,(anonymous_3)
FNDA:18,(anonymous_4)
FNDA:4,(anonymous_5)
FNDA:14,(anonymous_6)
FNDA:1,(anonymous_7)
FNDA:1,(anonymous_8)
FNDA:0,(anonymous_9)
FNDA:3,(anonymous_10)
FNDA:3,(anonymous_11)
FNDA:0,(anonymous_12)
FNDA:1,(anonymous_13)
FNDA:1,(anonymous_14)
FNDA:0,(anonymous_15)
FNDA:1,(anonymous_16)
FNDA:1,(anonymous_17)
FNDA:0,(anonymous_18)
FNDA:1,(anonymous_19)
FNDA:1,(anonymous_20)
FNDA:0,(anonymous_21)
DA:1,7
DA:2,7
DA:4,7
DA:5,7
DA:7,7
DA:8,11
DA:11,11
DA:12,10
DA:14,1
DA:17,7
DA:18,18
DA:20,4
DA:21,14
DA:24,7
DA:25,1
DA:27,1
DA:28,0
DA:31,7
DA:32,3
DA:34,3
DA:36,3
DA:37,0
DA:40,7
DA:41,1
DA:43,1
DA:44,0
DA:47,7
DA:48,1
DA:50,1
DA:51,0
DA:54,7
DA:55,1
DA:57,1
DA:58,0
DA:61,7
LF:35
LH:30
BRDA:11,0,0,1
BRDA:11,0,1,10
BRF:2
BRH:2
end_of_record
TN:
SF:src/routes/users.js
FN:3,(anonymous_0)
FN:6,(anonymous_1)
FN:9,(anonymous_2)
FN:10,(anonymous_3)
FN:13,(anonymous_4)
FNF:5
FNH:4
FNDA:7,(anonymous_0)
FNDA:1,(anonymous_1)
FNDA:1,(anonymous_2)
FNDA:0,(anonymous_3)
FNDA:6,(anonymous_4)
DA:1,7
DA:3,7
DA:4,7
DA:6,7
DA:7,1
DA:9,1
DA:10,0
DA:13,7
DA:14,6
DA:15,6
DA:17,2
DA:19,4
DA:23,7
LF:13
LH:12
BRF:0
BRH:0
end_of_record
TN:
SF:src/seeds/01_transfer.js
FN:5,(anonymous_0)
FN:8,(anonymous_1)
FN:9,(anonymous_2)
FN:10,(anonymous_3)
FN:11,(anonymous_4)
FN:27,(anonymous_5)
FN:35,(anonymous_6)
FN:57,(anonymous_7)
FNF:8
FNH:8
FNDA:2,(anonymous_0)
FNDA:2,(anonymous_1)
FNDA:2,(anonymous_2)
FNDA:2,(anonymous_3)
FNDA:2,(anonymous_4)
FNDA:2,(anonymous_5)
FNDA:2,(anonymous_6)
FNDA:2,(anonymous_7)
DA:5,2
DA:6,2
DA:8,2
DA:9,2
DA:10,2
DA:12,2
DA:28,2
DA:36,2
DA:58,2
LF:9
LH:9
BRF:0
BRH:0
end_of_record
TN:
SF:src/seeds/02_balance.js
FN:7,(anonymous_0)
FN:29,(anonymous_1)
FN:39,(anonymous_2)
FN:61,(anonymous_3)
FNF:4
FNH:4
FNDA:2,(anonymous_0)
FNDA:2,(anonymous_1)
FNDA:2,(anonymous_2)
FNDA:2,(anonymous_3)
DA:1,2
DA:7,2
DA:8,2
DA:30,2
DA:40,2
DA:62,2
LF:6
LH:6
BRF:0
BRH:0
end_of_record
TN:
SF:src/services/account.js
FN:3,(anonymous_0)
FN:6,(anonymous_1)
FN:10,(anonymous_2)
FN:14,(anonymous_3)
FN:24,(anonymous_4)
FN:28,(anonymous_5)
FNF:6
FNH:6
FNDA:7,(anonymous_0)
FNDA:10,(anonymous_1)
FNDA:1,(anonymous_2)
FNDA:3,(anonymous_3)
FNDA:1,(anonymous_4)
FNDA:2,(anonymous_5)
DA:1,7
DA:3,7
DA:4,7
DA:6,7
DA:7,10
DA:10,7
DA:11,1
DA:14,7
DA:15,3
DA:17,2
DA:19,2
DA:21,1
DA:24,7
DA:25,1
DA:28,7
DA:29,2
DA:31,2
DA:33,1
DA:36,7
LF:19
LH:19
BRDA:6,0,0,0
BRDA:15,1,0,1
BRDA:15,1,1,2
BRDA:19,2,0,1
BRDA:19,2,1,1
BRDA:31,3,0,1
BRDA:31,3,1,1
BRF:7
BRH:6
end_of_record
TN:
SF:src/services/balance.js
FN:1,(anonymous_0)
FN:2,(anonymous_1)
FNF:2
FNH:2
FNDA:7,(anonymous_0)
FNDA:10,(anonymous_1)
DA:1,7
DA:2,7
DA:3,10
DA:14,7
LF:4
LH:4
BRF:0
BRH:0
end_of_record
TN:
SF:src/services/transaction.js
FN:3,(anonymous_0)
FN:6,(anonymous_1)
FN:15,(anonymous_2)
FN:19,(anonymous_3)
FN:32,(anonymous_4)
FN:36,(anonymous_5)
FNF:6
FNH:6
FNDA:7,(anonymous_0)
FNDA:5,(anonymous_1)
FNDA:3,(anonymous_2)
FNDA:16,(anonymous_3)
FNDA:1,(anonymous_4)
FNDA:1,(anonymous_5)
DA:1,7
DA:3,7
DA:4,7
DA:6,7
DA:7,5
DA:15,7
DA:16,3
DA:19,7
DA:20,16
DA:21,15
DA:22,14
DA:23,13
DA:24,12
DA:25,11
DA:27,10
DA:29,10
DA:32,7
DA:33,1
DA:36,7
DA:37,1
DA:40,7
LF:21
LH:21
BRDA:6,0,0,1
BRDA:20,1,0,1
BRDA:20,1,1,15
BRDA:21,2,0,1
BRDA:21,2,1,14
BRDA:22,3,0,1
BRDA:22,3,1,13
BRDA:23,4,0,1
BRDA:23,4,1,12
BRDA:24,5,0,1
BRDA:24,5,1,11
BRDA:25,6,0,1
BRDA:25,6,1,10
BRDA:25,7,0,11
BRDA:25,7,1,5
BRDA:27,8,0,5
BRDA:27,8,1,5
BRDA:27,9,0,10
BRDA:27,9,1,6
BRDA:27,9,2,9
BRDA:27,9,3,4
BRF:21
BRH:21
end_of_record
TN:
SF:src/services/transfer.js
FN:3,(anonymous_0)
FN:6,(anonymous_1)
FN:10,(anonymous_2)
FN:22,(anonymous_3)
FN:28,(anonymous_4)
FN:59,(anonymous_5)
FN:63,(anonymous_6)
FN:93,(anonymous_7)
FNF:8
FNH:8
FNDA:7,(anonymous_0)
FNDA:1,(anonymous_1)
FNDA:18,(anonymous_2)
FNDA:12,(anonymous_3)
FNDA:3,(anonymous_4)
FNDA:12,(anonymous_5)
FNDA:1,(anonymous_6)
FNDA:1,(anonymous_7)
DA:1,7
DA:3,7
DA:4,7
DA:6,7
DA:7,1
DA:10,7
DA:11,18
DA:12,16
DA:13,14
DA:14,12
DA:15,2
DA:16,10
DA:17,2
DA:18,8
DA:19,2
DA:21,6
DA:22,6
DA:23,12
DA:24,2
DA:28,7
DA:29,3
DA:31,3
DA:33,3
DA:54,3
DA:56,3
DA:59,7
DA:60,12
DA:63,7
DA:64,1
DA:66,1
DA:87,1
DA:88,1
DA:90,1
DA:93,7
DA:94,1
DA:96,1
DA:99,7
LF:37
LH:37
BRDA:6,0,0,0
BRDA:11,1,0,2
BRDA:11,1,1,16
BRDA:12,2,0,2
BRDA:12,2,1,14
BRDA:13,3,0,2
BRDA:13,3,1,12
BRDA:14,4,0,2
BRDA:14,4,1,10
BRDA:16,5,0,2
BRDA:16,5,1,8
BRDA:18,6,0,2
BRDA:18,6,1,6
BRDA:23,7,0,2
BRDA:23,7,1,10
BRDA:59,8,0,0
BRF:16
BRH:14
end_of_record
TN:
SF:src/services/user.js
FN:4,(anonymous_0)
FN:7,(anonymous_1)
FN:11,(anonymous_2)
FN:15,(anonymous_3)
FN:21,(anonymous_4)
FNF:5
FNH:5
FNDA:7,(anonymous_0)
FNDA:1,(anonymous_1)
FNDA:84,(anonymous_2)
FNDA:8,(anonymous_3)
FNDA:12,(anonymous_4)
DA:1,7
DA:2,7
DA:4,7
DA:5,7
DA:7,7
DA:8,1
DA:11,7
DA:12,84
DA:15,7
DA:16,8
DA:18,8
DA:21,7
DA:22,12
DA:23,11
DA:24,10
DA:26,9
DA:28,9
DA:30,8
DA:32,8
DA:35,7
LF:20
LH:20
BRDA:11,0,0,0
BRDA:22,1,0,1
BRDA:22,1,1,11
BRDA:23,2,0,1
BRDA:23,2,1,10
BRDA:24,3,0,1
BRDA:24,3,1,9
BRDA:28,4,0,1
BRDA:28,4,1,8
BRF:9
BRH:8
end_of_record
